This is pdfTeX, Version 3.141592653-2.6-1.40.26 (TeX Live 2024) (preloaded format=pdflatex 2024.7.12)  14 JUL 2024 13:03
entering extended mode
 restricted \write18 enabled.
 file:line:error style messages enabled.
 %&-line parsing enabled.
**c:/Users/Lounge/Documents/ResearchProject/git/research_project/report/main
(c:/Users/Lounge/Documents/ResearchProject/git/research_project/report/main.tex
LaTeX2e <2024-06-01> patch level 2
L3 programming layer <2024-05-27>
(c:/Users/Lounge/AppData/Roaming/TinyTeX/texmf-dist/tex/latex/base/article.cls
Document Class: article 2024/02/08 v1.4n Standard LaTeX document class
(c:/Users/Lounge/AppData/Roaming/TinyTeX/texmf-dist/tex/latex/base/size12.clo
File: size12.clo 2024/02/08 v1.4n Standard LaTeX file (size option)
)
\c@part=\count194
\c@section=\count195
\c@subsection=\count196
\c@subsubsection=\count197
\c@paragraph=\count198
\c@subparagraph=\count199
\c@figure=\count266
\c@table=\count267
\abovecaptionskip=\skip49
\belowcaptionskip=\skip50
\bibindent=\dimen141
) (c:/Users/Lounge/AppData/Roaming/TinyTeX/texmf-dist/tex/latex/graphics/graphicx.sty
Package: graphicx 2021/09/16 v1.2d Enhanced LaTeX Graphics (DPC,SPQR)
 (c:/Users/Lounge/AppData/Roaming/TinyTeX/texmf-dist/tex/latex/graphics/keyval.sty
Package: keyval 2022/05/29 v1.15 key=value parser (DPC)
\KV@toks@=\toks17
) (c:/Users/Lounge/AppData/Roaming/TinyTeX/texmf-dist/tex/latex/graphics/graphics.sty
Package: graphics 2024/05/23 v1.4g Standard LaTeX Graphics (DPC,SPQR)
 (c:/Users/Lounge/AppData/Roaming/TinyTeX/texmf-dist/tex/latex/graphics/trig.sty
Package: trig 2023/12/02 v1.11 sin cos tan (DPC)
) (c:/Users/Lounge/AppData/Roaming/TinyTeX/texmf-dist/tex/latex/graphics-cfg/graphics.cfg
File: graphics.cfg 2016/06/04 v1.11 sample graphics configuration
)
Package graphics Info: Driver file: pdftex.def on input line 106.
 (c:/Users/Lounge/AppData/Roaming/TinyTeX/texmf-dist/tex/latex/graphics-def/pdftex.def
File: pdftex.def 2024/04/13 v1.2c Graphics/color driver for pdftex
))
\Gin@req@height=\dimen142
\Gin@req@width=\dimen143
) (c:/Users/Lounge/AppData/Roaming/TinyTeX/texmf-dist/tex/latex/amsfonts/amsfonts.sty
Package: amsfonts 2013/01/14 v3.01 Basic AMSFonts support
\@emptytoks=\toks18
\symAMSa=\mathgroup4
\symAMSb=\mathgroup5
LaTeX Font Info:    Redeclaring math symbol \hbar on input line 98.
LaTeX Font Info:    Overwriting math alphabet `\mathfrak' in version `bold'
(Font)                  U/euf/m/n --> U/euf/b/n on input line 106.
) (c:/Users/Lounge/AppData/Roaming/TinyTeX/texmf-dist/tex/latex/amsfonts/amssymb.sty
Package: amssymb 2013/01/14 v3.01 AMS font symbols
) (c:/Users/Lounge/AppData/Roaming/TinyTeX/texmf-dist/tex/latex/amsmath/amsmath.sty
Package: amsmath 2024/05/23 v2.17q AMS math features
\@mathmargin=\skip51

For additional information on amsmath, use the `?' option.
(c:/Users/Lounge/AppData/Roaming/TinyTeX/texmf-dist/tex/latex/amsmath/amstext.sty
Package: amstext 2021/08/26 v2.01 AMS text
 (c:/Users/Lounge/AppData/Roaming/TinyTeX/texmf-dist/tex/latex/amsmath/amsgen.sty
File: amsgen.sty 1999/11/30 v2.0 generic functions
\@emptytoks=\toks19
\ex@=\dimen144
)) (c:/Users/Lounge/AppData/Roaming/TinyTeX/texmf-dist/tex/latex/amsmath/amsbsy.sty
Package: amsbsy 1999/11/29 v1.2d Bold Symbols
\pmbraise@=\dimen145
) (c:/Users/Lounge/AppData/Roaming/TinyTeX/texmf-dist/tex/latex/amsmath/amsopn.sty
Package: amsopn 2022/04/08 v2.04 operator names
)
\inf@bad=\count268
LaTeX Info: Redefining \frac on input line 233.
\uproot@=\count269
\leftroot@=\count270
LaTeX Info: Redefining \overline on input line 398.
LaTeX Info: Redefining \colon on input line 409.
\classnum@=\count271
\DOTSCASE@=\count272
LaTeX Info: Redefining \ldots on input line 495.
LaTeX Info: Redefining \dots on input line 498.
LaTeX Info: Redefining \cdots on input line 619.
\Mathstrutbox@=\box52
\strutbox@=\box53
LaTeX Info: Redefining \big on input line 721.
LaTeX Info: Redefining \Big on input line 722.
LaTeX Info: Redefining \bigg on input line 723.
LaTeX Info: Redefining \Bigg on input line 724.
\big@size=\dimen146
LaTeX Font Info:    Redeclaring font encoding OML on input line 742.
LaTeX Font Info:    Redeclaring font encoding OMS on input line 743.
\macc@depth=\count273
LaTeX Info: Redefining \bmod on input line 904.
LaTeX Info: Redefining \pmod on input line 909.
LaTeX Info: Redefining \smash on input line 939.
LaTeX Info: Redefining \relbar on input line 969.
LaTeX Info: Redefining \Relbar on input line 970.
\c@MaxMatrixCols=\count274
\dotsspace@=\muskip17
\c@parentequation=\count275
\dspbrk@lvl=\count276
\tag@help=\toks20
\row@=\count277
\column@=\count278
\maxfields@=\count279
\andhelp@=\toks21
\eqnshift@=\dimen147
\alignsep@=\dimen148
\tagshift@=\dimen149
\tagwidth@=\dimen150
\totwidth@=\dimen151
\lineht@=\dimen152
\@envbody=\toks22
\multlinegap=\skip52
\multlinetaggap=\skip53
\mathdisplay@stack=\toks23
LaTeX Info: Redefining \[ on input line 2953.
LaTeX Info: Redefining \] on input line 2954.
) (c:/Users/Lounge/AppData/Roaming/TinyTeX/texmf-dist/tex/latex/geometry/geometry.sty
Package: geometry 2020/01/02 v5.9 Page Geometry
 (c:/Users/Lounge/AppData/Roaming/TinyTeX/texmf-dist/tex/generic/iftex/ifvtex.sty
Package: ifvtex 2019/10/25 v1.7 ifvtex legacy package. Use iftex instead.
 (c:/Users/Lounge/AppData/Roaming/TinyTeX/texmf-dist/tex/generic/iftex/iftex.sty
Package: iftex 2022/02/03 v1.0f TeX engine tests
))
\Gm@cnth=\count280
\Gm@cntv=\count281
\c@Gm@tempcnt=\count282
\Gm@bindingoffset=\dimen153
\Gm@wd@mp=\dimen154
\Gm@odd@mp=\dimen155
\Gm@even@mp=\dimen156
\Gm@layoutwidth=\dimen157
\Gm@layoutheight=\dimen158
\Gm@layouthoffset=\dimen159
\Gm@layoutvoffset=\dimen160
\Gm@dimlist=\toks24
) (c:/Users/Lounge/AppData/Roaming/TinyTeX/texmf-dist/tex/latex/lastpage/lastpage.sty
Package: lastpage 2024/07/07 v2.1c lastpage: 2.09 or 2e? (HMM)
 (c:/Users/Lounge/AppData/Roaming/TinyTeX/texmf-dist/tex/latex/lastpage/lastpage2e.sty
Package: lastpage2e 2024/07/07 v2.1c Decide which 2e lastpage version to use (HMM)
 (c:/Users/Lounge/AppData/Roaming/TinyTeX/texmf-dist/tex/latex/lastpage/lastpagemodern.sty
Package: lastpagemodern 2024-07-07 v2.1c Refers to last page's name (HMM; JPG)
\c@lastpagecount=\count283
) 
)) (c:/Users/Lounge/AppData/Roaming/TinyTeX/texmf-dist/tex/latex/fancyhdr/fancyhdr.sty
Package: fancyhdr 2024/04/23 v4.2 Extensive control of page headers and footers
\f@nch@headwidth=\skip54
\f@nch@O@elh=\skip55
\f@nch@O@erh=\skip56
\f@nch@O@olh=\skip57
\f@nch@O@orh=\skip58
\f@nch@O@elf=\skip59
\f@nch@O@erf=\skip60
\f@nch@O@olf=\skip61
\f@nch@O@orf=\skip62
) (c:/Users/Lounge/AppData/Roaming/TinyTeX/texmf-dist/tex/latex/float/float.sty
Package: float 2001/11/08 v1.3d Float enhancements (AL)
\c@float@type=\count284
\float@exts=\toks25
\float@box=\box54
\@float@everytoks=\toks26
\@floatcapt=\box55
) (c:/Users/Lounge/AppData/Roaming/TinyTeX/texmf-dist/tex/latex/l3backend/l3backend-pdftex.def
File: l3backend-pdftex.def 2024-05-08 L3 backend support: PDF output (pdfTeX)
\l__color_backend_stack_int=\count285
\l__pdf_internal_box=\box56
) (./main.aux)
\openout1 = `main.aux'.

LaTeX Font Info:    Checking defaults for OML/cmm/m/it on input line 32.
LaTeX Font Info:    ... okay on input line 32.
LaTeX Font Info:    Checking defaults for OMS/cmsy/m/n on input line 32.
LaTeX Font Info:    ... okay on input line 32.
LaTeX Font Info:    Checking defaults for OT1/cmr/m/n on input line 32.
LaTeX Font Info:    ... okay on input line 32.
LaTeX Font Info:    Checking defaults for T1/cmr/m/n on input line 32.
LaTeX Font Info:    ... okay on input line 32.
LaTeX Font Info:    Checking defaults for TS1/cmr/m/n on input line 32.
LaTeX Font Info:    ... okay on input line 32.
LaTeX Font Info:    Checking defaults for OMX/cmex/m/n on input line 32.
LaTeX Font Info:    ... okay on input line 32.
LaTeX Font Info:    Checking defaults for U/cmr/m/n on input line 32.
LaTeX Font Info:    ... okay on input line 32.
 (c:/Users/Lounge/AppData/Roaming/TinyTeX/texmf-dist/tex/latex/epstopdf-pkg/epstopdf-base.sty
Package: epstopdf-base 2020-01-24 v2.11 Base part for package epstopdf
Package epstopdf-base Info: Redefining graphics rule for `.eps' on input line 485.
 (c:/Users/Lounge/AppData/Roaming/TinyTeX/texmf-dist/tex/latex/latexconfig/epstopdf-sys.cfg
File: epstopdf-sys.cfg 2010/07/13 v1.3 Configuration of (r)epstopdf for TeX Live
))
*geometry* driver: auto-detecting
*geometry* detected driver: pdftex
*geometry* verbose mode - [ preamble ] result:
* driver: pdftex
* paper: a4paper
* layout: <same size as paper>
* layoutoffset:(h,v)=(0.0pt,0.0pt)
* modes: 
* h-part:(L,W,R)=(113.81102pt, 369.88583pt, 113.81102pt)
* v-part:(T,H,B)=(113.81102pt, 617.4248pt, 113.81102pt)
* \paperwidth=597.50787pt
* \paperheight=845.04684pt
* \textwidth=369.88583pt
* \textheight=617.4248pt
* \oddsidemargin=41.54103pt
* \evensidemargin=41.54103pt
* \topmargin=2.04105pt
* \headheight=14.49998pt
* \headsep=25.0pt
* \topskip=12.0pt
* \footskip=30.0pt
* \marginparwidth=35.0pt
* \marginparsep=10.0pt
* \columnsep=10.0pt
* \skip\footins=10.8pt plus 4.0pt minus 2.0pt
* \hoffset=0.0pt
* \voffset=0.0pt
* \mag=1000
* \@twocolumnfalse
* \@twosidefalse
* \@mparswitchfalse
* \@reversemarginfalse
* (1in=72.27pt=25.4mm, 1cm=28.453pt)

<UoA_logo_col_vert.jpg, id=1, 438.63875pt x 334.24875pt>
File: UoA_logo_col_vert.jpg Graphic file (type jpg)
<use UoA_logo_col_vert.jpg>
Package pdftex.def Info: UoA_logo_col_vert.jpg  used on input line 54.
(pdftex.def)             Requested size: 129.4623pt x 98.65352pt.


[1

{c:/Users/Lounge/AppData/Roaming/TinyTeX/texmf-var/fonts/map/pdftex/updmap/pdftex.map} <./UoA_logo_col_vert.jpg>]
Overfull \hbox (2.94652pt too wide) in paragraph at lines 108--114
\OT1/cmr/m/n/10.95 use more tra-di-tional sta-tis-ti-cal anal-y-sis meth-ods for de-riv-ing model
 []



[1]

[2

]
LaTeX Font Info:    Trying to load font information for U+msa on input line 200.
 (c:/Users/Lounge/AppData/Roaming/TinyTeX/texmf-dist/tex/latex/amsfonts/umsa.fd
File: umsa.fd 2013/01/14 v3.01 AMS symbols A
)
LaTeX Font Info:    Trying to load font information for U+msb on input line 200.
 (c:/Users/Lounge/AppData/Roaming/TinyTeX/texmf-dist/tex/latex/amsfonts/umsb.fd
File: umsb.fd 2013/01/14 v3.01 AMS symbols B
)
Underfull \hbox (badness 10000) in paragraph at lines 193--202

 []


Underfull \hbox (badness 10000) in paragraph at lines 193--202

 []



[3

]

[4]

LaTeX Warning: Citation `BCM' on page 5 undefined on input line 253.



[5]

LaTeX Warning: Citation `Ruiz_2022' on page 6 undefined on input line 325.


Underfull \hbox (badness 10000) in paragraph at lines 319--329

 []



[6]

[7]
Underfull \hbox (badness 10000) in paragraph at lines 350--376

 []



[8

]
<images/logistic_curve.png, id=44, 711.25725pt x 343.88475pt>
File: images/logistic_curve.png Graphic file (type png)
<use images/logistic_curve.png>
Package pdftex.def Info: images/logistic_curve.png  used on input line 384.
(pdftex.def)             Requested size: 426.75764pt x 206.33244pt.

Overfull \hbox (56.87181pt too wide) in paragraph at lines 384--385
 [][] 
 []



[9 <./images/logistic_curve.png>]

[10]

[11]

[12

]
<images/federer_k_factor.png, id=59, 462.528pt x 346.896pt>
File: images/federer_k_factor.png Graphic file (type png)
<use images/federer_k_factor.png>
Package pdftex.def Info: images/federer_k_factor.png  used on input line 514.
(pdftex.def)             Requested size: 370.02289pt x 277.51717pt.


[13 <./images/federer_k_factor.png>]
<images/federer_538.png, id=65, 462.528pt x 346.896pt>
File: images/federer_538.png Graphic file (type png)
<use images/federer_538.png>
Package pdftex.def Info: images/federer_538.png  used on input line 538.
(pdftex.def)             Requested size: 370.02289pt x 277.51717pt.


[14 <./images/federer_538.png>]

[15]
<images/federer_comparison.png, id=73, 462.528pt x 346.896pt>
File: images/federer_comparison.png Graphic file (type png)
<use images/federer_comparison.png>
Package pdftex.def Info: images/federer_comparison.png  used on input line 565.
(pdftex.def)             Requested size: 370.02289pt x 277.51717pt.


[16

 <./images/federer_comparison.png>]

[17]

[18]

[19

] (./main.bbl)

[20

] 
enddocument/afterlastpage: lastpage setting LastPage.
(./main.aux)
 ***********
LaTeX2e <2024-06-01> patch level 2
L3 programming layer <2024-05-27>
 ***********


LaTeX Warning: There were undefined references.

 ) 
Here is how much of TeX's memory you used:
 3194 strings out of 475543
 49779 string characters out of 5775889
 1938908 words of memory out of 5000000
 25807 multiletter control sequences out of 15000+600000
 565486 words of font info for 63 fonts, out of 8000000 for 9000
 14 hyphenation exceptions out of 8191
 70i,12n,65p,307b,307s stack positions out of 10000i,1000n,20000p,200000b,200000s
<c:/Users/Lounge/AppData/Roaming/TinyTeX/texmf-dist/fonts/type1/public/amsfonts/cm/cmbx10.pfb><c:/Users/Lounge/AppData/Roaming/TinyTeX/texmf-dist/fonts/type1/public/amsfonts/cm/cmbx12.pfb><c:/Users/Lounge/AppData/Roaming/TinyTeX/texmf-dist/fonts/type1/public/amsfonts/cm/cmex10.pfb><c:/Users/Lounge/AppData/Roaming/TinyTeX/texmf-dist/fonts/type1/public/amsfonts/cm/cmmi12.pfb><c:/Users/Lounge/AppData/Roaming/TinyTeX/texmf-dist/fonts/type1/public/amsfonts/cm/cmmi6.pfb><c:/Users/Lounge/AppData/Roaming/TinyTeX/texmf-dist/fonts/type1/public/amsfonts/cm/cmmi8.pfb><c:/Users/Lounge/AppData/Roaming/TinyTeX/texmf-dist/fonts/type1/public/amsfonts/cm/cmr10.pfb><c:/Users/Lounge/AppData/Roaming/TinyTeX/texmf-dist/fonts/type1/public/amsfonts/cm/cmr12.pfb><c:/Users/Lounge/AppData/Roaming/TinyTeX/texmf-dist/fonts/type1/public/amsfonts/cm/cmr17.pfb><c:/Users/Lounge/AppData/Roaming/TinyTeX/texmf-dist/fonts/type1/public/amsfonts/cm/cmr8.pfb><c:/Users/Lounge/AppData/Roaming/TinyTeX/texmf-dist/fonts/type1/public/amsfonts/cm/cmsy10.pfb><c:/Users/Lounge/AppData/Roaming/TinyTeX/texmf-dist/fonts/type1/public/amsfonts/cm/cmsy8.pfb><c:/Users/Lounge/AppData/Roaming/TinyTeX/texmf-dist/fonts/type1/public/amsfonts/cm/cmti12.pfb>
Output written on main.pdf (21 pages, 311859 bytes).
PDF statistics:
 147 PDF objects out of 1000 (max. 8388607)
 88 compressed objects within 1 object stream
 0 named destinations out of 1000 (max. 500000)
 26 words of extra memory for PDF output out of 10000 (max. 10000000)

